KeyboardSwitcher changes log

Version 1.5:
• Rebuilding the app for the MSVC RTL 143 (2022)

Version 1.4.142:
• Rebuilding the app for the MSVC RTL 142 (2015 – 2022)

Version 1.4.37:
• Current updates applied

Version 1.4.3:
• Current updates and improvements applied

Version 1.4.2:
• App got the scalable icon and the digital signature (only self-signed for now);
• Applied some updates for core assemblies

Version 1.4.1:
• Updated app icon

Version 1.4:
• Project got new name;
• Added ability to encode and decode characters strings into/from the HEX code;
• New identity applied

Version 1.3:
• Fixed incorrect paste keys combination for NumLock turned off

Version 1.2:
• Fixed invalid ru->en direction processing

Version 1.1u:
• Application icon and development environment have been unified;
• Some minor bugs have been fixed

Version 1.0:
• Publication on GitHub
